<?xml version="1.0" encoding="UTF-8"?>
<testsuite xmlns:xsi="http://www.w3.org/2001/XMLSchema-instance" xsi:noNamespaceSchemaLocation="https://maven.apache.org/surefire/maven-surefire-plugin/xsd/surefire-test-report-3.0.xsd" version="3.0" name="com.example.AppTest" time="0.126" tests="7" errors="0" skipped="0" failures="0">
  <properties>
[...]
</properties>
  <testcase name="testDeleteContact" classname="com.example.AppTest" time="0.063"/>
  <testcase name="testViewContacts_NoContacts" classname="com.example.AppTest" time="0.004"/>
  <testcase name="testViewContacts_WithContacts" classname="com.example.AppTest" time="0.004"/>
  <testcase name="testSearchContact_NotFound" classname="com.example.AppTest" time="0.002"/>
  <testcase name="testAddDuplicateContact" classname="com.example.AppTest" time="0.002"/>
  <testcase name="testSearchContact_Found" classname="com.example.AppTest" time="0.002"/>
  <testcase name="testAddContact" classname="com.example.AppTest" time="0.003"/>
</testsuite>